CRITICAL - 2022-02-06 23:10:22 --> Undefined variable $userdata
#0 D:\ukk 2022\app\Views\index.php(4): CodeIgniter\Debug\Exceptions->errorHandler(2, 'Undefined varia...', 'D:\\ukk 2022\\app...', 4)
#1 D:\ukk 2022\system\View\View.php(210): include('D:\\ukk 2022\\app...')
#2 D:\ukk 2022\system\View\View.php(213): CodeIgniter\View\View->CodeIgniter\View\{closure}()
#3 D:\ukk 2022\system\Common.php(1089): CodeIgniter\View\View->render('index', Array, true)
#4 D:\ukk 2022\app\Controllers\Home.php(19): view('index')
#5 D:\ukk 2022\system\CodeIgniter.php(825): App\Controllers\Home->index()
#6 D:\ukk 2022\system\CodeIgniter.php(412): CodeIgniter\CodeIgniter->runController(Object(App\Controllers\Home))
#7 D:\ukk 2022\system\CodeIgniter.php(320): CodeIgniter\CodeIgniter->handleRequest(NULL, Object(Config\Cache), false)
#8 D:\ukk 2022\public\index.php(37): CodeIgniter\CodeIgniter->run()
#9 D:\ukk 2022\system\Commands\Server\rewrite.php(43): require_once('D:\\ukk 2022\\pub...')
#10 {main}
CRITICAL - 2022-02-06 23:12:10 --> Undefined variable $userdata
#0 D:\ukk 2022\app\Views\index.php(4): CodeIgniter\Debug\Exceptions->errorHandler(2, 'Undefined varia...', 'D:\\ukk 2022\\app...', 4)
#1 D:\ukk 2022\system\View\View.php(210): include('D:\\ukk 2022\\app...')
#2 D:\ukk 2022\system\View\View.php(213): CodeIgniter\View\View->CodeIgniter\View\{closure}()
#3 D:\ukk 2022\system\Common.php(1089): CodeIgniter\View\View->render('index', Array, true)
#4 D:\ukk 2022\app\Controllers\Home.php(20): view('index')
#5 D:\ukk 2022\system\CodeIgniter.php(825): App\Controllers\Home->index()
#6 D:\ukk 2022\system\CodeIgniter.php(412): CodeIgniter\CodeIgniter->runController(Object(App\Controllers\Home))
#7 D:\ukk 2022\system\CodeIgniter.php(320): CodeIgniter\CodeIgniter->handleRequest(NULL, Object(Config\Cache), false)
#8 D:\ukk 2022\public\index.php(37): CodeIgniter\CodeIgniter->run()
#9 D:\ukk 2022\system\Commands\Server\rewrite.php(43): require_once('D:\\ukk 2022\\pub...')
#10 {main}
CRITICAL - 2022-02-06 23:12:13 --> Undefined variable $userdata
#0 D:\ukk 2022\app\Views\index.php(4): CodeIgniter\Debug\Exceptions->errorHandler(2, 'Undefined varia...', 'D:\\ukk 2022\\app...', 4)
#1 D:\ukk 2022\system\View\View.php(210): include('D:\\ukk 2022\\app...')
#2 D:\ukk 2022\system\View\View.php(213): CodeIgniter\View\View->CodeIgniter\View\{closure}()
#3 D:\ukk 2022\system\Common.php(1089): CodeIgniter\View\View->render('index', Array, true)
#4 D:\ukk 2022\app\Controllers\Home.php(20): view('index')
#5 D:\ukk 2022\system\CodeIgniter.php(825): App\Controllers\Home->index()
#6 D:\ukk 2022\system\CodeIgniter.php(412): CodeIgniter\CodeIgniter->runController(Object(App\Controllers\Home))
#7 D:\ukk 2022\system\CodeIgniter.php(320): CodeIgniter\CodeIgniter->handleRequest(NULL, Object(Config\Cache), false)
#8 D:\ukk 2022\public\index.php(37): CodeIgniter\CodeIgniter->run()
#9 D:\ukk 2022\system\Commands\Server\rewrite.php(43): require_once('D:\\ukk 2022\\pub...')
#10 {main}
CRITICAL - 2022-02-06 23:15:22 --> Trying to access array offset on value of type bool
#0 D:\ukk 2022\app\Views\index.php(4): CodeIgniter\Debug\Exceptions->errorHandler(2, 'Trying to acces...', 'D:\\ukk 2022\\app...', 4)
#1 D:\ukk 2022\system\View\View.php(210): include('D:\\ukk 2022\\app...')
#2 D:\ukk 2022\system\View\View.php(213): CodeIgniter\View\View->CodeIgniter\View\{closure}()
#3 D:\ukk 2022\system\Common.php(1089): CodeIgniter\View\View->render('index', Array, true)
#4 D:\ukk 2022\app\Controllers\Home.php(20): view('index', Array)
#5 D:\ukk 2022\system\CodeIgniter.php(825): App\Controllers\Home->index()
#6 D:\ukk 2022\system\CodeIgniter.php(412): CodeIgniter\CodeIgniter->runController(Object(App\Controllers\Home))
#7 D:\ukk 2022\system\CodeIgniter.php(320): CodeIgniter\CodeIgniter->handleRequest(NULL, Object(Config\Cache), false)
#8 D:\ukk 2022\public\index.php(37): CodeIgniter\CodeIgniter->run()
#9 D:\ukk 2022\system\Commands\Server\rewrite.php(43): require_once('D:\\ukk 2022\\pub...')
#10 {main}
CRITICAL - 2022-02-06 23:16:15 --> Trying to access array offset on value of type bool
#0 D:\ukk 2022\app\Views\index.php(4): CodeIgniter\Debug\Exceptions->errorHandler(2, 'Trying to acces...', 'D:\\ukk 2022\\app...', 4)
#1 D:\ukk 2022\system\View\View.php(210): include('D:\\ukk 2022\\app...')
#2 D:\ukk 2022\system\View\View.php(213): CodeIgniter\View\View->CodeIgniter\View\{closure}()
#3 D:\ukk 2022\system\Common.php(1089): CodeIgniter\View\View->render('index', Array, true)
#4 D:\ukk 2022\app\Controllers\Home.php(20): view('index', Array)
#5 D:\ukk 2022\system\CodeIgniter.php(825): App\Controllers\Home->index()
#6 D:\ukk 2022\system\CodeIgniter.php(412): CodeIgniter\CodeIgniter->runController(Object(App\Controllers\Home))
#7 D:\ukk 2022\system\CodeIgniter.php(320): CodeIgniter\CodeIgniter->handleRequest(NULL, Object(Config\Cache), false)
#8 D:\ukk 2022\public\index.php(37): CodeIgniter\CodeIgniter->run()
#9 D:\ukk 2022\system\Commands\Server\rewrite.php(43): require_once('D:\\ukk 2022\\pub...')
#10 {main}
CRITICAL - 2022-02-06 23:18:37 --> Class "App\Models\CatatanPerjalanan_model" not found
#0 D:\ukk 2022\system\CodeIgniter.php(825): App\Controllers\IsiData->simpan()
#1 D:\ukk 2022\system\CodeIgniter.php(412): CodeIgniter\CodeIgniter->runController(Object(App\Controllers\IsiData))
#2 D:\ukk 2022\system\CodeIgniter.php(320): CodeIgniter\CodeIgniter->handleRequest(NULL, Object(Config\Cache), false)
#3 D:\ukk 2022\public\index.php(37): CodeIgniter\CodeIgniter->run()
#4 D:\ukk 2022\system\Commands\Server\rewrite.php(43): require_once('D:\\ukk 2022\\pub...')
#5 {main}
CRITICAL - 2022-02-06 23:26:29 --> Class "App\Models\CatatanPerjalanan_model" not found
#0 D:\ukk 2022\system\CodeIgniter.php(825): App\Controllers\CatatanPerjalanan->index()
#1 D:\ukk 2022\system\CodeIgniter.php(412): CodeIgniter\CodeIgniter->runController(Object(App\Controllers\CatatanPerjalanan))
#2 D:\ukk 2022\system\CodeIgniter.php(320): CodeIgniter\CodeIgniter->handleRequest(NULL, Object(Config\Cache), false)
#3 D:\ukk 2022\public\index.php(37): CodeIgniter\CodeIgniter->run()
#4 D:\ukk 2022\system\Commands\Server\rewrite.php(43): require_once('D:\\ukk 2022\\pub...')
#5 {main}
CRITICAL - 2022-02-06 23:30:26 --> foreach() argument must be of type array|object, bool given
#0 D:\ukk 2022\app\Views\catatan_perjalanan.php(26): CodeIgniter\Debug\Exceptions->errorHandler(2, 'foreach() argum...', 'D:\\ukk 2022\\app...', 26)
#1 D:\ukk 2022\system\View\View.php(210): include('D:\\ukk 2022\\app...')
#2 D:\ukk 2022\system\View\View.php(213): CodeIgniter\View\View->CodeIgniter\View\{closure}()
#3 D:\ukk 2022\system\Common.php(1089): CodeIgniter\View\View->render('catatan_perjala...', Array, true)
#4 D:\ukk 2022\app\Controllers\Catatanperjalanan.php(28): view('catatan_perjala...', Array)
#5 D:\ukk 2022\system\CodeIgniter.php(825): App\Controllers\CatatanPerjalanan->index()
#6 D:\ukk 2022\system\CodeIgniter.php(412): CodeIgniter\CodeIgniter->runController(Object(App\Controllers\CatatanPerjalanan))
#7 D:\ukk 2022\system\CodeIgniter.php(320): CodeIgniter\CodeIgniter->handleRequest(NULL, Object(Config\Cache), false)
#8 D:\ukk 2022\public\index.php(37): CodeIgniter\CodeIgniter->run()
#9 D:\ukk 2022\system\Commands\Server\rewrite.php(43): require_once('D:\\ukk 2022\\pub...')
#10 {main}
CRITICAL - 2022-02-06 23:30:32 --> foreach() argument must be of type array|object, bool given
#0 D:\ukk 2022\app\Views\catatan_perjalanan.php(26): CodeIgniter\Debug\Exceptions->errorHandler(2, 'foreach() argum...', 'D:\\ukk 2022\\app...', 26)
#1 D:\ukk 2022\system\View\View.php(210): include('D:\\ukk 2022\\app...')
#2 D:\ukk 2022\system\View\View.php(213): CodeIgniter\View\View->CodeIgniter\View\{closure}()
#3 D:\ukk 2022\system\Common.php(1089): CodeIgniter\View\View->render('catatan_perjala...', Array, true)
#4 D:\ukk 2022\app\Controllers\Catatanperjalanan.php(28): view('catatan_perjala...', Array)
#5 D:\ukk 2022\system\CodeIgniter.php(825): App\Controllers\CatatanPerjalanan->index()
#6 D:\ukk 2022\system\CodeIgniter.php(412): CodeIgniter\CodeIgniter->runController(Object(App\Controllers\CatatanPerjalanan))
#7 D:\ukk 2022\system\CodeIgniter.php(320): CodeIgniter\CodeIgniter->handleRequest(NULL, Object(Config\Cache), false)
#8 D:\ukk 2022\public\index.php(37): CodeIgniter\CodeIgniter->run()
#9 D:\ukk 2022\system\Commands\Server\rewrite.php(43): require_once('D:\\ukk 2022\\pub...')
#10 {main}
CRITICAL - 2022-02-06 23:32:50 --> foreach() argument must be of type array|object, bool given
#0 D:\ukk 2022\app\Views\catatan_perjalanan.php(26): CodeIgniter\Debug\Exceptions->errorHandler(2, 'foreach() argum...', 'D:\\ukk 2022\\app...', 26)
#1 D:\ukk 2022\system\View\View.php(210): include('D:\\ukk 2022\\app...')
#2 D:\ukk 2022\system\View\View.php(213): CodeIgniter\View\View->CodeIgniter\View\{closure}()
#3 D:\ukk 2022\system\Common.php(1089): CodeIgniter\View\View->render('catatan_perjala...', Array, true)
#4 D:\ukk 2022\app\Controllers\Catatanperjalanan.php(28): view('catatan_perjala...', Array)
#5 D:\ukk 2022\system\CodeIgniter.php(825): App\Controllers\CatatanPerjalanan->index()
#6 D:\ukk 2022\system\CodeIgniter.php(412): CodeIgniter\CodeIgniter->runController(Object(App\Controllers\CatatanPerjalanan))
#7 D:\ukk 2022\system\CodeIgniter.php(320): CodeIgniter\CodeIgniter->handleRequest(NULL, Object(Config\Cache), false)
#8 D:\ukk 2022\public\index.php(37): CodeIgniter\CodeIgniter->run()
#9 D:\ukk 2022\system\Commands\Server\rewrite.php(43): require_once('D:\\ukk 2022\\pub...')
#10 {main}
CRITICAL - 2022-02-06 23:37:16 --> foreach() argument must be of type array|object, bool given
#0 D:\ukk 2022\app\Views\catatan_perjalanan.php(26): CodeIgniter\Debug\Exceptions->errorHandler(2, 'foreach() argum...', 'D:\\ukk 2022\\app...', 26)
#1 D:\ukk 2022\system\View\View.php(210): include('D:\\ukk 2022\\app...')
#2 D:\ukk 2022\system\View\View.php(213): CodeIgniter\View\View->CodeIgniter\View\{closure}()
#3 D:\ukk 2022\system\Common.php(1089): CodeIgniter\View\View->render('catatan_perjala...', Array, true)
#4 D:\ukk 2022\app\Controllers\Catatanperjalanan.php(28): view('catatan_perjala...', Array)
#5 D:\ukk 2022\system\CodeIgniter.php(825): App\Controllers\CatatanPerjalanan->index()
#6 D:\ukk 2022\system\CodeIgniter.php(412): CodeIgniter\CodeIgniter->runController(Object(App\Controllers\CatatanPerjalanan))
#7 D:\ukk 2022\system\CodeIgniter.php(320): CodeIgniter\CodeIgniter->handleRequest(NULL, Object(Config\Cache), false)
#8 D:\ukk 2022\public\index.php(37): CodeIgniter\CodeIgniter->run()
#9 D:\ukk 2022\system\Commands\Server\rewrite.php(43): require_once('D:\\ukk 2022\\pub...')
#10 {main}
CRITICAL - 2022-02-06 23:37:22 --> foreach() argument must be of type array|object, bool given
#0 D:\ukk 2022\app\Views\catatan_perjalanan.php(26): CodeIgniter\Debug\Exceptions->errorHandler(2, 'foreach() argum...', 'D:\\ukk 2022\\app...', 26)
#1 D:\ukk 2022\system\View\View.php(210): include('D:\\ukk 2022\\app...')
#2 D:\ukk 2022\system\View\View.php(213): CodeIgniter\View\View->CodeIgniter\View\{closure}()
#3 D:\ukk 2022\system\Common.php(1089): CodeIgniter\View\View->render('catatan_perjala...', Array, true)
#4 D:\ukk 2022\app\Controllers\Catatanperjalanan.php(28): view('catatan_perjala...', Array)
#5 D:\ukk 2022\system\CodeIgniter.php(825): App\Controllers\CatatanPerjalanan->index()
#6 D:\ukk 2022\system\CodeIgniter.php(412): CodeIgniter\CodeIgniter->runController(Object(App\Controllers\CatatanPerjalanan))
#7 D:\ukk 2022\system\CodeIgniter.php(320): CodeIgniter\CodeIgniter->handleRequest(NULL, Object(Config\Cache), false)
#8 D:\ukk 2022\public\index.php(37): CodeIgniter\CodeIgniter->run()
#9 D:\ukk 2022\system\Commands\Server\rewrite.php(43): require_once('D:\\ukk 2022\\pub...')
#10 {main}
